

Microchip MPLAB XC8 Assembler V2.05 build -831301201 
                                                                                               Fri Oct 04 22:42:35 2019

Microchip MPLAB XC8 C Compiler v2.05 (Free license) build 20181220022703 Og1 
     1                           	processor	18F45K20
     2                           	fnconf	rparam,??,?,0
     3                           	opt	pw 120
     4                           	opt	flic
     5                           	psect	cinit,global,reloc=2,class=CODE,delta=1
     6                           	psect	cstackCOMRAM,global,class=COMRAM,space=1,delta=1,noexec
     7                           	psect	text0,global,reloc=2,class=CODE,delta=1
     8                           	psect	text1,global,reloc=2,class=CODE,delta=1
     9                           	psect	text2,global,reloc=2,class=CODE,delta=1
    10                           	psect	intsave_regs,global,class=BIGRAM,space=1,delta=1,noexec
    11                           	psect	rparam,global,class=COMRAM,space=1,delta=1,noexec
    12  0000                     
    13                           ; Version 2.05
    14                           ; Generated 20/12/2018 GMT
    15                           ; 
    16                           ; Copyright © 2018, Microchip Technology Inc. and its subsidiaries ("Microchip")
    17                           ; All rights reserved.
    18                           ; 
    19                           ; This software is developed by Microchip Technology Inc. and its subsidiaries ("Microch
      +                          ip").
    20                           ; 
    21                           ; Redistribution and use in source and binary forms, with or without modification, are
    22                           ; permitted provided that the following conditions are met:
    23                           ; 
    24                           ;     1. Redistributions of source code must retain the above copyright notice, this lis
      +                          t of
    25                           ;        conditions and the following disclaimer.
    26                           ; 
    27                           ;     2. Redistributions in binary form must reproduce the above copyright notice, this 
      +                          list
    28                           ;        of conditions and the following disclaimer in the documentation and/or other
    29                           ;        materials provided with the distribution.
    30                           ; 
    31                           ;     3. Microchip's name may not be used to endorse or promote products derived from th
      +                          is
    32                           ;        software without specific prior written permission.
    33                           ; 
    34                           ; THIS SOFTWARE IS PROVIDED BY MICROCHIP "AS IS" AND ANY EXPRESS OR IMPLIED WARRANTIES,
    35                           ; INCLUDING, BUT NOT LIMITED TO, THE IMPLIED WARRANTIES OF MERCHANTABILITY AND FITNESS F
      +                          OR
    36                           ; PURPOSE ARE DISCLAIMED.  IN NO EVENT SHALL MICROCHIP BE LIABLE FOR ANY DIRECT, INDIREC
      +                          T,
    37                           ; INCIDENTAL, SPECIAL, EXEMPLARY, OR CONSEQUENTIAL DAMAGES (INCLUDING BUT NOT LIMITED TO
    38                           ; PROCUREMENT OF SUBSTITUTE GOODS OR SERVICES; LOSS OF USE, DATA OR PROFITS; OR BUSINESS
    39                           ; INTERRUPTION) HOWSOEVER CAUSED AND ON ANY THEORY OF LIABILITY, WHETHER IN CONTRACT, ST
      +                          RICT
    40                           ; LIABILITY, OR TORT (INCLUDING NEGLIGENCE OR OTHERWISE) ARISING IN ANY WAY OUT OF THE U
      +                          SE OF
    41                           ; THIS SOFTWARE, EVEN IF ADVISED OF THE POSSIBILITY OF SUCH DAMAGE.
    42                           ; 
    43                           ; 
    44                           ; Code-generator required, PIC18F45K20 Definitions
    45                           ; 
    46                           ; SFR Addresses
    47  0000                     _CM2CON1bits	set	3961
    48  0000                     _CM1CON0bits	set	3963
    49  0000                     _TRISAbits	set	3986
    50  0000                     _CVRCONbits	set	4021
    51  0000                     _ANSELH	set	3967
    52  0000                     _ANSEL	set	3966
    53  0000                     _OSCCON	set	4051
    54                           
    55                           ; #config settings
    56  0000                     
    57                           	psect	cinit
    58  007FBE                     __pcinit:
    59                           	opt callstack 0
    60  007FBE                     start_initialization:
    61                           	opt callstack 0
    62  007FBE                     __initialization:
    63                           	opt callstack 0
    64  007FBE                     end_of_initialization:
    65                           	opt callstack 0
    66  007FBE                     __end_of__initialization:
    67                           	opt callstack 0
    68  007FBE  0100               	movlb	0
    69  007FC0  EFF5  F03F         	goto	_main	;jump to C main() function
    70                           
    71                           	psect	cstackCOMRAM
    72  000000                     __pcstackCOMRAM:
    73                           	opt callstack 0
    74  000000                     
    75                           ; 1 bytes @ 0x0
    76 ;;
    77 ;;Main: autosize = 0, tempsize = 0, incstack = 0, save=0
    78 ;;
    79 ;; *************** function _main *****************
    80 ;; Defined at:
    81 ;;		line 6 in file "main.c"
    82 ;; Parameters:    Size  Location     Type
    83 ;;		None
    84 ;; Auto vars:     Size  Location     Type
    85 ;;		None
    86 ;; Return value:  Size  Location     Type
    87 ;;                  1    wreg      void 
    88 ;; Registers used:
    89 ;;		wreg, status,2, cstack
    90 ;; Tracked objects:
    91 ;;		On entry : 0/0
    92 ;;		On exit  : 0/0
    93 ;;		Unchanged: 0/0
    94 ;; Data sizes:     COMRAM   BANK0   BANK1   BANK2   BANK3   BANK4   BANK5
    95 ;;      Params:         0       0       0       0       0       0       0
    96 ;;      Locals:         0       0       0       0       0       0       0
    97 ;;      Temps:          0       0       0       0       0       0       0
    98 ;;      Totals:         0       0       0       0       0       0       0
    99 ;;Total ram usage:        0 bytes
   100 ;; Hardware stack levels required when called:    1
   101 ;; This function calls:
   102 ;;		_initComparator
   103 ;;		_initVref
   104 ;; This function is called by:
   105 ;;		Startup code after reset
   106 ;; This function uses a non-reentrant model
   107 ;;
   108                           
   109                           	psect	text0
   110  007FEA                     __ptext0:
   111                           	opt callstack 0
   112  007FEA                     _main:
   113                           	opt callstack 30
   114                           
   115                           ;main.c: 8:     OSCCON = 0x72;
   116                           
   117                           ;incstack = 0
   118  007FEA  0E72               	movlw	114
   119  007FEC  6ED3               	movwf	4051,c	;volatile
   120                           
   121                           ;main.c: 10:     ANSEL = 0x0;
   122  007FEE  0E00               	movlw	0
   123  007FF0  6E7E               	movwf	3966,c	;volatile
   124                           
   125                           ;main.c: 11:     ANSELH = 0x0;
   126  007FF2  0E00               	movlw	0
   127  007FF4  6E7F               	movwf	3967,c	;volatile
   128                           
   129                           ;main.c: 14:     initVref();
   130  007FF6  ECE2  F03F         	call	_initVref	;wreg free
   131                           
   132                           ;main.c: 17:     initComparator();
   133  007FFA  ECEB  F03F         	call	_initComparator	;wreg free
   134  007FFE                     l23:
   135                           
   136                           ;main.c: 21:     }
   137  007FFE  D7FF               	goto	l23
   138  008000                     __end_of_main:
   139                           	opt callstack 0
   140                           
   141 ;; *************** function _initVref *****************
   142 ;; Defined at:
   143 ;;		line 26 in file "main.c"
   144 ;; Parameters:    Size  Location     Type
   145 ;;		None
   146 ;; Auto vars:     Size  Location     Type
   147 ;;		None
   148 ;; Return value:  Size  Location     Type
   149 ;;                  1    wreg      void 
   150 ;; Registers used:
   151 ;;		wreg, status,2
   152 ;; Tracked objects:
   153 ;;		On entry : 0/0
   154 ;;		On exit  : 0/0
   155 ;;		Unchanged: 0/0
   156 ;; Data sizes:     COMRAM   BANK0   BANK1   BANK2   BANK3   BANK4   BANK5
   157 ;;      Params:         0       0       0       0       0       0       0
   158 ;;      Locals:         0       0       0       0       0       0       0
   159 ;;      Temps:          0       0       0       0       0       0       0
   160 ;;      Totals:         0       0       0       0       0       0       0
   161 ;;Total ram usage:        0 bytes
   162 ;; Hardware stack levels used:    1
   163 ;; This function calls:
   164 ;;		Nothing
   165 ;; This function is called by:
   166 ;;		_main
   167 ;; This function uses a non-reentrant model
   168 ;;
   169                           
   170                           	psect	text1
   171  007FC4                     __ptext1:
   172                           	opt callstack 0
   173  007FC4                     _initVref:
   174                           	opt callstack 30
   175                           
   176                           ;main.c: 31:     CVRCONbits.CVREN = 1;
   177                           
   178                           ;incstack = 0
   179  007FC4  8EB5               	bsf	4021,7,c	;volatile
   180                           
   181                           ;main.c: 32:     CVRCONbits.CVROE = 1;
   182  007FC6  8CB5               	bsf	4021,6,c	;volatile
   183                           
   184                           ;main.c: 33:     CVRCONbits.CVRR = 0;
   185  007FC8  9AB5               	bcf	4021,5,c	;volatile
   186                           
   187                           ;main.c: 34:     CVRCONbits.CVRSS = 0;
   188  007FCA  98B5               	bcf	4021,4,c	;volatile
   189                           
   190                           ;main.c: 35:     CVRCONbits.CVR = 12;
   191  007FCC  50B5               	movf	4021,w,c	;volatile
   192  007FCE  0BF0               	andlw	-16
   193  007FD0  090C               	iorlw	12
   194  007FD2  6EB5               	movwf	4021,c	;volatile
   195  007FD4  0012               	return		;funcret
   196  007FD6                     __end_of_initVref:
   197                           	opt callstack 0
   198                           
   199 ;; *************** function _initComparator *****************
   200 ;; Defined at:
   201 ;;		line 38 in file "main.c"
   202 ;; Parameters:    Size  Location     Type
   203 ;;		None
   204 ;; Auto vars:     Size  Location     Type
   205 ;;		None
   206 ;; Return value:  Size  Location     Type
   207 ;;                  1    wreg      void 
   208 ;; Registers used:
   209 ;;		wreg, status,2
   210 ;; Tracked objects:
   211 ;;		On entry : 0/0
   212 ;;		On exit  : 0/0
   213 ;;		Unchanged: 0/0
   214 ;; Data sizes:     COMRAM   BANK0   BANK1   BANK2   BANK3   BANK4   BANK5
   215 ;;      Params:         0       0       0       0       0       0       0
   216 ;;      Locals:         0       0       0       0       0       0       0
   217 ;;      Temps:          0       0       0       0       0       0       0
   218 ;;      Totals:         0       0       0       0       0       0       0
   219 ;;Total ram usage:        0 bytes
   220 ;; Hardware stack levels used:    1
   221 ;; This function calls:
   222 ;;		Nothing
   223 ;; This function is called by:
   224 ;;		_main
   225 ;; This function uses a non-reentrant model
   226 ;;
   227                           
   228                           	psect	text2
   229  007FD6                     __ptext2:
   230                           	opt callstack 0
   231  007FD6                     _initComparator:
   232                           	opt callstack 30
   233                           
   234                           ;main.c: 40:     TRISAbits.RA4 = 0;
   235                           
   236                           ;incstack = 0
   237  007FD6  9892               	bcf	3986,4,c	;volatile
   238                           
   239                           ;main.c: 42:     CM1CON0bits.C1ON = 1;
   240  007FD8  8E7B               	bsf	3963,7,c	;volatile
   241                           
   242                           ;main.c: 43:     CM1CON0bits.C1OE = 1;
   243  007FDA  8A7B               	bsf	3963,5,c	;volatile
   244                           
   245                           ;main.c: 44:     CM1CON0bits.C1POL = 1;
   246  007FDC  887B               	bsf	3963,4,c	;volatile
   247                           
   248                           ;main.c: 45:     CM1CON0bits.C1SP = 1;
   249  007FDE  867B               	bsf	3963,3,c	;volatile
   250                           
   251                           ;main.c: 46:     CM1CON0bits.C1R = 1;
   252  007FE0  847B               	bsf	3963,2,c	;volatile
   253                           
   254                           ;main.c: 47:     CM1CON0bits.C1CH = 0;
   255  007FE2  0EFC               	movlw	-4
   256  007FE4  167B               	andwf	3963,f,c	;volatile
   257                           
   258                           ;main.c: 48:     CM2CON1bits.C1RSEL = 1;
   259  007FE6  8A79               	bsf	3961,5,c	;volatile
   260  007FE8  0012               	return		;funcret
   261  007FEA                     __end_of_initComparator:
   262                           	opt callstack 0
   263  0000                     
   264                           	psect	rparam
   265  0000                     tosu	equ	0xFFF
   266                           tosh	equ	0xFFE
   267                           tosl	equ	0xFFD
   268                           stkptr	equ	0xFFC
   269                           pclatu	equ	0xFFB
   270                           pclath	equ	0xFFA
   271                           pcl	equ	0xFF9
   272                           tblptru	equ	0xFF8
   273                           tblptrh	equ	0xFF7
   274                           tblptrl	equ	0xFF6
   275                           tablat	equ	0xFF5
   276                           prodh	equ	0xFF4
   277                           prodl	equ	0xFF3
   278                           indf0	equ	0xFEF
   279                           postinc0	equ	0xFEE
   280                           postdec0	equ	0xFED
   281                           preinc0	equ	0xFEC
   282                           plusw0	equ	0xFEB
   283                           fsr0h	equ	0xFEA
   284                           fsr0l	equ	0xFE9
   285                           wreg	equ	0xFE8
   286                           indf1	equ	0xFE7
   287                           postinc1	equ	0xFE6
   288                           postdec1	equ	0xFE5
   289                           preinc1	equ	0xFE4
   290                           plusw1	equ	0xFE3
   291                           fsr1h	equ	0xFE2
   292                           fsr1l	equ	0xFE1
   293                           bsr	equ	0xFE0
   294                           indf2	equ	0xFDF
   295                           postinc2	equ	0xFDE
   296                           postdec2	equ	0xFDD
   297                           preinc2	equ	0xFDC
   298                           plusw2	equ	0xFDB
   299                           fsr2h	equ	0xFDA
   300                           fsr2l	equ	0xFD9
   301                           status	equ	0xFD8


Data Sizes:
    Strings     0
    Constant    0
    Data        0
    BSS         0
    Persistent  0
    Stack       0

Auto Spaces:
    Space          Size  Autos    Used
    COMRAM           95      0       0
    BANK0           160      0       0
    BANK1           256      0       0
    BANK2           256      0       0
    BANK3           256      0       0
    BANK4           256      0       0
    BANK5           256      0       0

Pointer List with Targets:

    None.

Critical Paths under _main in COMRAM

    None.

Critical Paths under _main in BANK0

    None.

Critical Paths under _main in BANK1

    None.

Critical Paths under _main in BANK2

    None.

Critical Paths under _main in BANK3

    None.

Critical Paths under _main in BANK4

    None.

Critical Paths under _main in BANK5

    None.

Call Graph Tables:

 ---------------------------------------------------------------------------------
 (Depth) Function   	        Calls       Base Space   Used Autos Params    Refs
 ---------------------------------------------------------------------------------
 (0) _main                                                 0     0      0       0
                     _initComparator
                           _initVref
 ---------------------------------------------------------------------------------
 (1) _initVref                                             0     0      0       0
 ---------------------------------------------------------------------------------
 (1) _initComparator                                       0     0      0       0
 ---------------------------------------------------------------------------------
 Estimated maximum stack depth 1
 ---------------------------------------------------------------------------------

 Call Graph Graphs:

 _main (ROOT)
   _initComparator
   _initVref

 Address spaces:
Name               Size   Autos  Total    Cost      Usage
BITCOMRAM           5F      0       0       0        0.0%
EEDATA             100      0       0       0        0.0%
NULL                 0      0       0       0        0.0%
CODE                 0      0       0       0        0.0%
COMRAM              5F      0       0       1        0.0%
STACK                0      0       0       2        0.0%
DATA                 0      0       0       3        0.0%
BITBANK0            A0      0       0       4        0.0%
BANK0               A0      0       0       5        0.0%
BITBANK1           100      0       0       6        0.0%
BANK1              100      0       0       7        0.0%
BITBANK2           100      0       0       8        0.0%
BANK2              100      0       0       9        0.0%
BITBANK3           100      0       0      10        0.0%
BANK3              100      0       0      11        0.0%
BITBANK4           100      0       0      12        0.0%
BANK4              100      0       0      13        0.0%
BANK5              100      0       0      14        0.0%
ABS                  0      0       0      15        0.0%
BITBANK5           100      0       0      16        0.0%
BIGRAM             5FF      0       0      17        0.0%
BITSFR               0      0       0     200        0.0%
SFR                  0      0       0     200        0.0%


Microchip Technology PIC18 Macro Assembler V2.05 build -831301201 
Symbol Table                                                                                   Fri Oct 04 22:42:35 2019

                     l23 7FFE             __CFG_CP0$OFF 000000             __CFG_CP1$OFF 000000  
           __CFG_CP2$OFF 000000             __CFG_CP3$OFF 000000             __CFG_CPB$OFF 000000  
           __CFG_CPD$OFF 000000             __CFG_BORV$18 000000             __CFG_LVP$OFF 000000  
                   _main 7FEA                     start 0000            __CFG_IESO$OFF 000000  
          __CFG_MCLRE$ON 000000             ___param_bank 000000                    ?_main 0000  
                  _ANSEL 000F7E            __CFG_PWRT$OFF 000000            __CFG_WRT0$OFF 000000  
          __CFG_WRT1$OFF 000000            __CFG_WRT2$OFF 000000            __CFG_WRT3$OFF 000000  
         __CFG_EBTR0$OFF 000000           __CFG_FCMEN$OFF 000000           __CFG_EBTR1$OFF 000000  
         __CFG_EBTR2$OFF 000000           __CFG_EBTR3$OFF 000000            __CFG_WRTB$OFF 000000  
          __CFG_WRTC$OFF 000000            __CFG_WRTD$OFF 000000           __CFG_EBTRB$OFF 000000  
         __CFG_BOREN$OFF 000000           __CFG_HFOFST$ON 000000           __CFG_PBADEN$ON 000000  
        __initialization 7FBE             __end_of_main 8000                   ??_main 0000  
          __activetblptr 000000                   _ANSELH 000F7F           __CFG_WDTEN$OFF 000000  
                 _OSCCON 000FD3           __CFG_XINST$OFF 000000           __CFG_STVREN$ON 000000  
       __end_of_initVref 7FD6  __size_of_initComparator 0014               __accesstop 0060  
__end_of__initialization 7FBE            ___rparam_used 000001           __pcstackCOMRAM 0000  
              ?_initVref 0000                  __Hparam 0000                  __Lparam 0000  
         _initComparator 7FD6                  __pcinit 7FBE                  __ramtop 0600  
                __ptext0 7FEA                  __ptext1 7FC4                  __ptext2 7FD6  
   end_of_initialization 7FBE               ??_initVref 0000   __end_of_initComparator 7FEA  
              _TRISAbits 000F92              _CM1CON0bits 000F7B              _CM2CON1bits 000F79  
        ?_initComparator 0000      start_initialization 7FBE         __CFG_LPT1OSC$OFF 000000  
      __size_of_initVref 0012        __CFG_CCP2MX$PORTC 000000         __CFG_WDTPS$32768 000000  
       ??_initComparator 0000                 __Hrparam 0000                 __Lrparam 0000  
               _initVref 7FC4            __size_of_main 0016               _CVRCONbits 000FB5  
      __CFG_FOSC$INTIO67 000000  
