

Microchip MPLAB XC8 Assembler V2.05 build -831301201 
                                                                                               Wed Aug 21 19:21:22 2019

Microchip MPLAB XC8 C Compiler v2.05 (Free license) build 20181220022703 Og1 
     1                           	processor	18F45K20
     2                           	fnconf	rparam,??,?,0
     3                           	opt	pw 120
     4                           	opt	flic
     5                           	psect	cinit,global,reloc=2,class=CODE,delta=1
     6                           	psect	cstackCOMRAM,global,class=COMRAM,space=1,delta=1,noexec
     7                           	psect	text0,global,reloc=2,class=CODE,delta=1
     8                           	psect	text1,global,reloc=2,class=CODE,delta=1
     9                           	psect	intcode,global,reloc=2,class=CODE,delta=1
    10                           	psect	intsave_regs,global,class=BIGRAM,space=1,delta=1,noexec
    11                           	psect	rparam,global,class=COMRAM,space=1,delta=1,noexec
    12                           	psect	temp,global,ovrld,common,class=COMRAM,space=1,delta=1
    13  0000                     
    14                           ; Version 2.05
    15                           ; Generated 20/12/2018 GMT
    16                           ; 
    17                           ; Copyright © 2018, Microchip Technology Inc. and its subsidiaries ("Microchip")
    18                           ; All rights reserved.
    19                           ; 
    20                           ; This software is developed by Microchip Technology Inc. and its subsidiaries ("Microch
      +                          ip").
    21                           ; 
    22                           ; Redistribution and use in source and binary forms, with or without modification, are
    23                           ; permitted provided that the following conditions are met:
    24                           ; 
    25                           ;     1. Redistributions of source code must retain the above copyright notice, this lis
      +                          t of
    26                           ;        conditions and the following disclaimer.
    27                           ; 
    28                           ;     2. Redistributions in binary form must reproduce the above copyright notice, this 
      +                          list
    29                           ;        of conditions and the following disclaimer in the documentation and/or other
    30                           ;        materials provided with the distribution.
    31                           ; 
    32                           ;     3. Microchip's name may not be used to endorse or promote products derived from th
      +                          is
    33                           ;        software without specific prior written permission.
    34                           ; 
    35                           ; THIS SOFTWARE IS PROVIDED BY MICROCHIP "AS IS" AND ANY EXPRESS OR IMPLIED WARRANTIES,
    36                           ; INCLUDING, BUT NOT LIMITED TO, THE IMPLIED WARRANTIES OF MERCHANTABILITY AND FITNESS F
      +                          OR
    37                           ; PURPOSE ARE DISCLAIMED.  IN NO EVENT SHALL MICROCHIP BE LIABLE FOR ANY DIRECT, INDIREC
      +                          T,
    38                           ; INCIDENTAL, SPECIAL, EXEMPLARY, OR CONSEQUENTIAL DAMAGES (INCLUDING BUT NOT LIMITED TO
    39                           ; PROCUREMENT OF SUBSTITUTE GOODS OR SERVICES; LOSS OF USE, DATA OR PROFITS; OR BUSINESS
    40                           ; INTERRUPTION) HOWSOEVER CAUSED AND ON ANY THEORY OF LIABILITY, WHETHER IN CONTRACT, ST
      +                          RICT
    41                           ; LIABILITY, OR TORT (INCLUDING NEGLIGENCE OR OTHERWISE) ARISING IN ANY WAY OUT OF THE U
      +                          SE OF
    42                           ; THIS SOFTWARE, EVEN IF ADVISED OF THE POSSIBILITY OF SUCH DAMAGE.
    43                           ; 
    44                           ; 
    45                           ; Code-generator required, PIC18F45K20 Definitions
    46                           ; 
    47                           ; SFR Addresses
    48  0000                     _TMR1	set	4046
    49  0000                     _CCPR2	set	4027
    50  0000                     _INTCONbits	set	4082
    51  0000                     _PIE2bits	set	4000
    52  0000                     _T1CONbits	set	4045
    53  0000                     _TRISCbits	set	3988
    54  0000                     _ANSELH	set	3967
    55  0000                     _ANSEL	set	3966
    56  0000                     _OSCCON	set	4051
    57  0000                     _CCP2CONbits	set	4026
    58  0000                     _PIR2bits	set	4001
    59                           
    60                           ; #config settings
    61  0000                     
    62                           	psect	cinit
    63  00009E                     __pcinit:
    64                           	opt callstack 0
    65  00009E                     start_initialization:
    66                           	opt callstack 0
    67  00009E                     __initialization:
    68                           	opt callstack 0
    69  00009E                     end_of_initialization:
    70                           	opt callstack 0
    71  00009E                     __end_of__initialization:
    72                           	opt callstack 0
    73  00009E  9001               	bcf	int$flags,0,c	;clear compiler interrupt flag (level 1)
    74  0000A0  9201               	bcf	int$flags,1,c	;clear compiler interrupt flag (level 2)
    75  0000A2  0100               	movlb	0
    76  0000A4  EF46  F000         	goto	_main	;jump to C main() function
    77                           
    78                           	psect	cstackCOMRAM
    79  000000                     __pcstackCOMRAM:
    80                           	opt callstack 0
    81  000000                     
    82                           ; 1 bytes @ 0x0
    83 ;;
    84 ;;Main: autosize = 0, tempsize = 0, incstack = 0, save=0
    85 ;;
    86 ;; *************** function _main *****************
    87 ;; Defined at:
    88 ;;		line 25 in file "main.c"
    89 ;; Parameters:    Size  Location     Type
    90 ;;		None
    91 ;; Auto vars:     Size  Location     Type
    92 ;;		None
    93 ;; Return value:  Size  Location     Type
    94 ;;                  1    wreg      void 
    95 ;; Registers used:
    96 ;;		wreg, status,2, cstack
    97 ;; Tracked objects:
    98 ;;		On entry : 0/0
    99 ;;		On exit  : 0/0
   100 ;;		Unchanged: 0/0
   101 ;; Data sizes:     COMRAM   BANK0   BANK1   BANK2   BANK3   BANK4   BANK5
   102 ;;      Params:         0       0       0       0       0       0       0
   103 ;;      Locals:         0       0       0       0       0       0       0
   104 ;;      Temps:          0       0       0       0       0       0       0
   105 ;;      Totals:         0       0       0       0       0       0       0
   106 ;;Total ram usage:        0 bytes
   107 ;; Hardware stack levels required when called:    2
   108 ;; This function calls:
   109 ;;		_CCP2_InitCompare
   110 ;; This function is called by:
   111 ;;		Startup code after reset
   112 ;; This function uses a non-reentrant model
   113 ;;
   114                           
   115                           	psect	text0
   116  00008C                     __ptext0:
   117                           	opt callstack 0
   118  00008C                     _main:
   119                           	opt callstack 29
   120                           
   121                           ;main.c: 27:     OSCCON = 0x72;
   122                           
   123                           ;incstack = 0
   124  00008C  0E72               	movlw	114
   125  00008E  6ED3               	movwf	4051,c	;volatile
   126                           
   127                           ;main.c: 29:     ANSEL = 0x0;
   128  000090  0E00               	movlw	0
   129  000092  6E7E               	movwf	3966,c	;volatile
   130                           
   131                           ;main.c: 30:     ANSELH = 0x0;
   132  000094  0E00               	movlw	0
   133  000096  6E7F               	movwf	3967,c	;volatile
   134                           
   135                           ;main.c: 32:     CCP2_InitCompare();
   136  000098  EC2E  F000         	call	_CCP2_InitCompare	;wreg free
   137  00009C                     l38:
   138  00009C  D7FF               	goto	l38
   139  00009E                     __end_of_main:
   140                           	opt callstack 0
   141                           
   142 ;; *************** function _CCP2_InitCompare *****************
   143 ;; Defined at:
   144 ;;		line 38 in file "main.c"
   145 ;; Parameters:    Size  Location     Type
   146 ;;		None
   147 ;; Auto vars:     Size  Location     Type
   148 ;;		None
   149 ;; Return value:  Size  Location     Type
   150 ;;                  1    wreg      void 
   151 ;; Registers used:
   152 ;;		wreg, status,2
   153 ;; Tracked objects:
   154 ;;		On entry : 0/0
   155 ;;		On exit  : 0/0
   156 ;;		Unchanged: 0/0
   157 ;; Data sizes:     COMRAM   BANK0   BANK1   BANK2   BANK3   BANK4   BANK5
   158 ;;      Params:         0       0       0       0       0       0       0
   159 ;;      Locals:         0       0       0       0       0       0       0
   160 ;;      Temps:          0       0       0       0       0       0       0
   161 ;;      Totals:         0       0       0       0       0       0       0
   162 ;;Total ram usage:        0 bytes
   163 ;; Hardware stack levels used:    1
   164 ;; Hardware stack levels required when called:    1
   165 ;; This function calls:
   166 ;;		Nothing
   167 ;; This function is called by:
   168 ;;		_main
   169 ;; This function uses a non-reentrant model
   170 ;;
   171                           
   172                           	psect	text1
   173  00005C                     __ptext1:
   174                           	opt callstack 0
   175  00005C                     _CCP2_InitCompare:
   176                           	opt callstack 29
   177                           
   178                           ;main.c: 39:     TRISCbits.RC1 = 0;
   179                           
   180                           ;incstack = 0
   181  00005C  9294               	bcf	3988,1,c	;volatile
   182                           
   183                           ;main.c: 40:     CCP2CONbits.CCP2M = 0x9;
   184  00005E  50BA               	movf	4026,w,c	;volatile
   185  000060  0BF0               	andlw	-16
   186  000062  0909               	iorlw	9
   187  000064  6EBA               	movwf	4026,c	;volatile
   188                           
   189                           ;main.c: 42:     T1CONbits.TMR1CS = 0;
   190  000066  92CD               	bcf	4045,1,c	;volatile
   191                           
   192                           ;main.c: 43:     T1CONbits.T1CKPS = 2;
   193  000068  50CD               	movf	4045,w,c	;volatile
   194  00006A  0BCF               	andlw	-49
   195  00006C  0920               	iorlw	32
   196  00006E  6ECD               	movwf	4045,c	;volatile
   197                           
   198                           ;main.c: 45:     PIR2bits.CCP2IF = 0;
   199  000070  90A1               	bcf	4001,0,c	;volatile
   200                           
   201                           ;main.c: 46:     PIE2bits.CCP2IE = 1;
   202  000072  80A0               	bsf	4000,0,c	;volatile
   203                           
   204                           ;main.c: 48:     INTCONbits.PEIE = 1;
   205  000074  8CF2               	bsf	4082,6,c	;volatile
   206                           
   207                           ;main.c: 49:     INTCONbits.GIE = 1;
   208  000076  8EF2               	bsf	4082,7,c	;volatile
   209                           
   210                           ;main.c: 51:     TMR1 = 0;
   211  000078  0E00               	movlw	0
   212  00007A  6ECF               	movwf	4047,c	;volatile
   213  00007C  0E00               	movlw	0
   214  00007E  6ECE               	movwf	4046,c	;volatile
   215                           
   216                           ;main.c: 52:     CCPR2 = 4000;
   217  000080  0E0F               	movlw	15
   218  000082  6EBC               	movwf	4028,c	;volatile
   219  000084  0EA0               	movlw	160
   220  000086  6EBB               	movwf	4027,c	;volatile
   221                           
   222                           ;main.c: 53:     T1CONbits.TMR1ON = 1;
   223  000088  80CD               	bsf	4045,0,c	;volatile
   224  00008A  0012               	return		;funcret
   225  00008C                     __end_of_CCP2_InitCompare:
   226                           	opt callstack 0
   227                           
   228 ;; *************** function _ISR *****************
   229 ;; Defined at:
   230 ;;		line 8 in file "main.c"
   231 ;; Parameters:    Size  Location     Type
   232 ;;		None
   233 ;; Auto vars:     Size  Location     Type
   234 ;;		None
   235 ;; Return value:  Size  Location     Type
   236 ;;                  1    wreg      void 
   237 ;; Registers used:
   238 ;;		wreg, status,2, status,0
   239 ;; Tracked objects:
   240 ;;		On entry : 0/0
   241 ;;		On exit  : 0/0
   242 ;;		Unchanged: 0/0
   243 ;; Data sizes:     COMRAM   BANK0   BANK1   BANK2   BANK3   BANK4   BANK5
   244 ;;      Params:         0       0       0       0       0       0       0
   245 ;;      Locals:         0       0       0       0       0       0       0
   246 ;;      Temps:          0       0       0       0       0       0       0
   247 ;;      Totals:         0       0       0       0       0       0       0
   248 ;;Total ram usage:        0 bytes
   249 ;; Hardware stack levels used:    1
   250 ;; This function calls:
   251 ;;		Nothing
   252 ;; This function is called by:
   253 ;;		Interrupt level 2
   254 ;; This function uses a non-reentrant model
   255 ;;
   256                           
   257                           	psect	intcode
   258  000008                     __pintcode:
   259                           	opt callstack 0
   260  000008                     _ISR:
   261                           	opt callstack 29
   262                           
   263                           ;incstack = 0
   264  000008  8201               	bsf	btemp,1,c	;set compiler interrupt flag (level 2)
   265                           
   266                           ;main.c: 10:     if (PIR2bits.CCP2IF) {
   267  00000A  A0A1               	btfss	4001,0,c	;volatile
   268  00000C  D023               	goto	i2l33
   269                           
   270                           ;main.c: 12:         if (CCPR2 == 4000) {
   271  00000E  0EA0               	movlw	160
   272  000010  18BB               	xorwf	4027,w,c	;volatile
   273  000012  E10C               	bnz	i2l742
   274  000014  0E0F               	movlw	15
   275  000016  18BC               	xorwf	4028,w,c	;volatile
   276  000018  A4D8               	btfss	status,2,c
   277  00001A  D008               	goto	i2l742
   278                           
   279                           ;main.c: 13:             CCP2CONbits.CCP2M = 0x8;
   280  00001C  50BA               	movf	4026,w,c	;volatile
   281  00001E  0BF0               	andlw	-16
   282  000020  0908               	iorlw	8
   283  000022  6EBA               	movwf	4026,c	;volatile
   284                           
   285                           ;main.c: 14:             CCPR2 = 6000;
   286  000024  0E17               	movlw	23
   287  000026  6EBC               	movwf	4028,c	;volatile
   288  000028  0E70               	movlw	112
   289  00002A  D00E               	goto	L1
   290  00002C                     i2l742:
   291  00002C  0E70               	movlw	112
   292  00002E  18BB               	xorwf	4027,w,c	;volatile
   293  000030  E10C               	bnz	i2l31
   294  000032  0E17               	movlw	23
   295  000034  18BC               	xorwf	4028,w,c	;volatile
   296  000036  A4D8               	btfss	status,2,c
   297  000038  D008               	goto	i2l31
   298                           
   299                           ;main.c: 16:             CCP2CONbits.CCP2M = 0x9;
   300  00003A  50BA               	movf	4026,w,c	;volatile
   301  00003C  0BF0               	andlw	-16
   302  00003E  0909               	iorlw	9
   303  000040  6EBA               	movwf	4026,c	;volatile
   304                           
   305                           ;main.c: 17:             CCPR2 = 4000;
   306  000042  0E0F               	movlw	15
   307  000044  6EBC               	movwf	4028,c	;volatile
   308  000046  0EA0               	movlw	160
   309  000048                     L1:
   310  000048  6EBB               	movwf	4027,c	;volatile
   311  00004A                     i2l31:
   312                           
   313                           ;main.c: 20:         TMR1 = 0;
   314  00004A  0E00               	movlw	0
   315  00004C  6ECF               	movwf	4047,c	;volatile
   316  00004E  0E00               	movlw	0
   317  000050  6ECE               	movwf	4046,c	;volatile
   318                           
   319                           ;main.c: 21:         PIR2bits.CCP2IF = 0;
   320  000052  90A1               	bcf	4001,0,c	;volatile
   321  000054                     i2l33:
   322  000054  9201               	bcf	btemp,1,c	;clear compiler interrupt flag (level 2)
   323  000056  0011               	retfie		f
   324  000058                     __end_of_ISR:
   325                           	opt callstack 0
   326  0000                     
   327                           	psect	rparam
   328  0000                     
   329                           	psect	temp
   330  000001                     btemp:
   331                           	opt callstack 0
   332  000001                     	ds	1
   333  0000                     int$flags	set	btemp
   334  0000                     wtemp8	set	btemp+1
   335  0000                     ttemp5	set	btemp+1
   336  0000                     ttemp6	set	btemp+4
   337  0000                     ttemp7	set	btemp+8
   338                           tosu	equ	0xFFF
   339                           tosh	equ	0xFFE
   340                           tosl	equ	0xFFD
   341                           stkptr	equ	0xFFC
   342                           pclatu	equ	0xFFB
   343                           pclath	equ	0xFFA
   344                           pcl	equ	0xFF9
   345                           tblptru	equ	0xFF8
   346                           tblptrh	equ	0xFF7
   347                           tblptrl	equ	0xFF6
   348                           tablat	equ	0xFF5
   349                           prodh	equ	0xFF4
   350                           prodl	equ	0xFF3
   351                           indf0	equ	0xFEF
   352                           postinc0	equ	0xFEE
   353                           postdec0	equ	0xFED
   354                           preinc0	equ	0xFEC
   355                           plusw0	equ	0xFEB
   356                           fsr0h	equ	0xFEA
   357                           fsr0l	equ	0xFE9
   358                           wreg	equ	0xFE8
   359                           indf1	equ	0xFE7
   360                           postinc1	equ	0xFE6
   361                           postdec1	equ	0xFE5
   362                           preinc1	equ	0xFE4
   363                           plusw1	equ	0xFE3
   364                           fsr1h	equ	0xFE2
   365                           fsr1l	equ	0xFE1
   366                           bsr	equ	0xFE0
   367                           indf2	equ	0xFDF
   368                           postinc2	equ	0xFDE
   369                           postdec2	equ	0xFDD
   370                           preinc2	equ	0xFDC
   371                           plusw2	equ	0xFDB
   372                           fsr2h	equ	0xFDA
   373                           fsr2l	equ	0xFD9
   374                           status	equ	0xFD8


Data Sizes:
    Strings     0
    Constant    0
    Data        0
    BSS         0
    Persistent  0
    Stack       0

Auto Spaces:
    Space          Size  Autos    Used
    COMRAM           94      0       0
    BANK0           160      0       0
    BANK1           256      0       0
    BANK2           256      0       0
    BANK3           256      0       0
    BANK4           256      0       0
    BANK5           256      0       0

Pointer List with Targets:

    None.

Critical Paths under _main in COMRAM

    None.

Critical Paths under _ISR in COMRAM

    None.

Critical Paths under _main in BANK0

    None.

Critical Paths under _ISR in BANK0

    None.

Critical Paths under _main in BANK1

    None.

Critical Paths under _ISR in BANK1

    None.

Critical Paths under _main in BANK2

    None.

Critical Paths under _ISR in BANK2

    None.

Critical Paths under _main in BANK3

    None.

Critical Paths under _ISR in BANK3

    None.

Critical Paths under _main in BANK4

    None.

Critical Paths under _ISR in BANK4

    None.

Critical Paths under _main in BANK5

    None.

Critical Paths under _ISR in BANK5

    None.

Call Graph Tables:

 ---------------------------------------------------------------------------------
 (Depth) Function   	        Calls       Base Space   Used Autos Params    Refs
 ---------------------------------------------------------------------------------
 (0) _main                                                 0     0      0       0
                   _CCP2_InitCompare
 ---------------------------------------------------------------------------------
 (1) _CCP2_InitCompare                                     0     0      0       0
 ---------------------------------------------------------------------------------
 Estimated maximum stack depth 1
 ---------------------------------------------------------------------------------
 (Depth) Function   	        Calls       Base Space   Used Autos Params    Refs
 ---------------------------------------------------------------------------------
 (2) _ISR                                                  0     0      0       0
 ---------------------------------------------------------------------------------
 Estimated maximum stack depth 2
 ---------------------------------------------------------------------------------

 Call Graph Graphs:

 _main (ROOT)
   _CCP2_InitCompare

 _ISR (ROOT)

 Address spaces:
Name               Size   Autos  Total    Cost      Usage
BITCOMRAM           5E      0       0       0        0.0%
EEDATA             100      0       0       0        0.0%
NULL                 0      0       0       0        0.0%
CODE                 0      0       0       0        0.0%
COMRAM              5E      0       0       1        0.0%
STACK                0      0       0       2        0.0%
DATA                 0      0       0       3        0.0%
BITBANK0            A0      0       0       4        0.0%
BANK0               A0      0       0       5        0.0%
BITBANK1           100      0       0       6        0.0%
BANK1              100      0       0       7        0.0%
BITBANK2           100      0       0       8        0.0%
BANK2              100      0       0       9        0.0%
BITBANK3           100      0       0      10        0.0%
BANK3              100      0       0      11        0.0%
BITBANK4           100      0       0      12        0.0%
BANK4              100      0       0      13        0.0%
BANK5              100      0       0      14        0.0%
ABS                  0      0       0      15        0.0%
BITBANK5           100      0       0      16        0.0%
BIGRAM             5FF      0       0      17        0.0%
BITSFR               0      0       0     200        0.0%
SFR                  0      0       0     200        0.0%


Microchip Technology PIC18 Macro Assembler V2.05 build -831301201 
Symbol Table                                                                                   Wed Aug 21 19:21:22 2019

                       l38 009C               __CFG_CP0$OFF 000000               __CFG_CP1$OFF 000000  
             __CFG_CP2$OFF 000000               __CFG_CP3$OFF 000000               __CFG_CPB$OFF 000000  
             __CFG_CPD$OFF 000000                        _ISR 0008               __CFG_BORV$18 000000  
             __CFG_LVP$OFF 000000                       ?_ISR 0000                       i2l31 004A  
                     i2l33 0054                       _TMR1 000FCE                       _main 008C  
                     btemp 0001                       start 0058              __CFG_IESO$OFF 000000  
            __CFG_MCLRE$ON 000000               ___param_bank 000000   __end_of_CCP2_InitCompare 008C  
                    ??_ISR 0000                      ?_main 0000                      _CCPR2 000FBB  
                    _ANSEL 000F7E                      i2l742 002C              __CFG_PWRT$OFF 000000  
            __CFG_WRT0$OFF 000000              __CFG_WRT1$OFF 000000              __CFG_WRT2$OFF 000000  
            __CFG_WRT3$OFF 000000             __CFG_EBTR0$OFF 000000             __CFG_FCMEN$OFF 000000  
           __CFG_EBTR1$OFF 000000             __CFG_EBTR2$OFF 000000             __CFG_EBTR3$OFF 000000  
            __CFG_WRTB$OFF 000000              __CFG_WRTC$OFF 000000              __CFG_WRTD$OFF 000000  
           __CFG_EBTRB$OFF 000000             __CFG_BOREN$OFF 000000                      ttemp5 0002  
                    ttemp6 0005                      ttemp7 0009                      status 000FD8  
                    wtemp8 0002             __CFG_HFOFST$ON 000000             __CFG_PBADEN$ON 000000  
          __initialization 009E               __end_of_main 009E                     ??_main 0000  
            __activetblptr 000000                     _ANSELH 000F7F             __CFG_WDTEN$OFF 000000  
                   _OSCCON 000FD3             __CFG_XINST$OFF 000000             __CFG_STVREN$ON 000000  
               __accesstop 0060    __end_of__initialization 009E              ___rparam_used 000001  
           __pcstackCOMRAM 0000          ?_CCP2_InitCompare 0000         ??_CCP2_InitCompare 0000  
                  __Hparam 0000                    __Lparam 0000                    __pcinit 009E  
                  __ramtop 0600                    __ptext0 008C                    __ptext1 005C  
             __size_of_ISR 0050                  _T1CONbits 000FCD       end_of_initialization 009E  
                _TRISCbits 000F94                _CCP2CONbits 000FBA        start_initialization 009E  
              __end_of_ISR 0058           __CFG_LPT1OSC$OFF 000000  __size_of_CCP2_InitCompare 0030  
        __CFG_CCP2MX$PORTC 000000                  __pintcode 0008                   _PIE2bits 000FA0  
                 _PIR2bits 000FA1           __CFG_WDTPS$32768 000000                   __Hrparam 0000  
                 __Lrparam 0000           _CCP2_InitCompare 005C              __size_of_main 0012  
                 int$flags 0001                 _INTCONbits 000FF2                   intlevel2 0000  
        __CFG_FOSC$INTIO67 000000  
